SF:lib/src/ui/chat/view_models/chat_bloc.dart
DA:14,1
DA:15,2
DA:16,1
DA:23,2
DA:24,2
DA:25,2
DA:26,2
DA:27,2
DA:30,1
DA:31,2
DA:32,1
DA:33,2
DA:35,1
DA:41,1
DA:42,2
DA:43,3
DA:47,1
DA:51,4
DA:52,4
DA:56,1
DA:57,3
DA:58,1
DA:59,1
DA:60,2
DA:61,1
DA:62,2
DA:63,1
DA:64,3
DA:68,2
DA:76,1
DA:77,3
DA:78,4
LF:32
LH:32
end_of_record
SF:lib/src/ui/chat/view_models/chat_event.dart
DA:6,3
DA:12,2
DA:14,1
DA:15,2
DA:19,1
DA:20,1
DA:26,2
DA:28,2
DA:29,4
DA:33,2
DA:34,2
DA:38,1
DA:39,1
LF:13
LH:13
end_of_record
SF:lib/src/ui/chat/view_models/chat_message.dart
DA:34,3
DA:43,3
DA:44,21
LF:3
LH:3
end_of_record
SF:lib/src/ui/chat/view_models/chat_state.dart
DA:16,4
DA:26,1
DA:35,1
DA:36,1
DA:37,1
DA:38,1
DA:40,1
DA:41,1
DA:42,1
DA:43,1
DA:47,2
DA:48,16
LF:12
LH:12
end_of_record
SF:lib/src/ui/theme/view_models/theme_cubit.dart
DA:9,6
LF:1
LH:1
end_of_record
SF:lib/ui/theme/chat_theme.dart
DA:26,3
LF:1
LH:1
end_of_record
SF:lib/src/ui/chat/widgets/chat_input/action_button.dart
DA:12,1
DA:18,1
DA:20,1
DA:22,1
DA:23,1
DA:24,1
DA:26,1
DA:27,1
DA:29,2
DA:30,2
DA:31,2
DA:33,1
DA:34,2
DA:35,2
DA:36,1
LF:15
LH:15
end_of_record
SF:lib/src/ui/chat/widgets/chat_input/camera_button.dart
DA:6,1
DA:7,1
DA:9,1
DA:10,2
DA:15,1
LF:5
LH:5
end_of_record
SF:lib/src/ui/chat/widgets/chat_input/chat_input.dart
DA:19,1
DA:25,1
DA:26,1
DA:32,1
DA:34,1
DA:35,2
DA:38,1
DA:39,1
DA:40,2
DA:43,1
DA:44,1
DA:45,2
DA:48,1
DA:50,1
DA:51,1
DA:52,1
DA:53,1
DA:54,1
DA:55,1
DA:56,1
DA:57,1
DA:58,1
DA:59,1
DA:60,1
DA:61,1
DA:64,1
DA:66,1
DA:69,1
DA:71,1
DA:72,2
DA:73,1
DA:74,1
DA:75,1
DA:76,3
DA:77,1
DA:78,3
DA:80,1
DA:82,2
DA:83,1
DA:84,2
DA:88,2
DA:89,1
DA:94,1
DA:95,1
DA:99,1
DA:100,2
DA:101,1
DA:102,1
DA:105,2
DA:117,1
DA:119,2
DA:120,1
LF:52
LH:52
end_of_record
SF:lib/src/ui/chat/widgets/chat_input/message_text_field.dart
DA:12,1
DA:19,1
DA:21,1
DA:22,1
DA:23,2
DA:24,1
DA:25,1
DA:26,1
DA:27,1
DA:28,1
DA:29,1
DA:30,2
DA:34,1
LF:13
LH:13
end_of_record
SF:lib/src/ui/chat/widgets/chat_app_bar/chat_app_bar.dart
DA:15,1
DA:17,1
DA:19,1
DA:20,1
DA:21,1
DA:22,1
DA:23,1
DA:24,1
DA:25,1
DA:26,1
DA:27,1
DA:28,1
DA:31,1
DA:35,1
DA:36,1
DA:37,1
DA:38,3
DA:39,1
DA:40,1
DA:46,1
DA:47,1
DA:48,3
DA:50,1
DA:51,3
DA:58,1
LF:25
LH:25
end_of_record
SF:lib/src/ui/chat/widgets/chat_app_bar/chat_title.dart
DA:9,1
DA:11,1
DA:13,1
DA:15,1
DA:16,1
DA:17,1
DA:18,1
DA:23,1
DA:25,2
DA:26,1
DA:27,1
DA:28,1
LF:12
LH:12
end_of_record
